<?xml version="1.0" encoding="UTF-8"?>
<!-- Generated by org.testng.reporters.JUnitXMLReporter -->
<testsuite ignored="0" hostname="RONY-HRF" failures="0" tests="9" name="Default test" time="48.719" errors="0" timestamp="2022-12-29T23:41:15 EST">
  <testcase classname="TestCase.TestCase" name="test1" time="0.985"/>
  <testcase classname="TestCase.TestCase" name="test2" time="0.001"/>
  <testcase classname="TestCase.TestCase" name="test3" time="1.484"/>
  <testcase classname="TestCase.TestCase" name="test4" time="2.791"/>
  <testcase classname="TestCase.TestCase" name="test5" time="11.502"/>
  <testcase classname="TestCase.TestCase" name="test6" time="2.162"/>
  <testcase classname="TestCase.TestCase" name="test7" time="8.745"/>
  <testcase classname="TestCase.TestCase" name="test8" time="0.11"/>
  <testcase classname="TestCase.TestCase" name="test9" time="3.069"/>
</testsuite> <!-- Default test -->
