<?xml version="1.0" encoding="UTF-8"?>
<!-- Generated by org.testng.reporters.JUnitXMLReporter -->
<testsuite ignored="0" hostname="RONY-HRF" failures="0" tests="8" name="Default test" time="34.465" errors="0" timestamp="2023-01-03T21:43:35 EST">
  <testcase classname="TestCase.TestCase" name="test1" time="1.168"/>
  <testcase classname="TestCase.TestCase" name="test3" time="2.106"/>
  <testcase classname="TestCase.TestCase" name="test4" time="2.957"/>
  <testcase classname="TestCase.TestCase" name="test5" time="11.518"/>
  <testcase classname="TestCase.TestCase" name="test6" time="2.18"/>
  <testcase classname="TestCase.TestCase" name="test7" time="8.765"/>
  <testcase classname="TestCase.TestCase" name="test8" time="0.106"/>
  <testcase classname="TestCase.TestCase" name="test9" time="3.058"/>
</testsuite> <!-- Default test -->
